2025-10-15T20:16:59.619+02:00  INFO 34744 --- [EE_4_exercises] [main] c.l.E.Ee4ExercisesApplication            : Starting Ee4ExercisesApplication using Java 21.0.8 with PID 34744 (C:\Users\lisau\Documents\JavaProjects\Kurs11\EE_4_exercises\build\classes\java\main started by lisau in C:\Users\lisau\Documents\JavaProjects\Kurs11\EE_4_exercises)
2025-10-15T20:16:59.623+02:00  INFO 34744 --- [EE_4_exercises] [main] c.l.E.Ee4ExercisesApplication            : No active profile set, falling back to 1 default profile: "default"
2025-10-15T20:17:00.569+02:00  INFO 34744 --- [EE_4_exercises] [main] .s.d.r.c.RepositoryConfigurationDelegate : Bootstrapping Spring Data R2DBC repositories in DEFAULT mode.
2025-10-15T20:17:00.899+02:00  INFO 34744 --- [EE_4_exercises] [main] .s.d.r.c.RepositoryConfigurationDelegate : Finished Spring Data repository scanning in 317 ms. Found 1 R2DBC repository interface.
2025-10-15T20:17:03.190+02:00  INFO 34744 --- [EE_4_exercises] [main] org.flywaydb.core.FlywayExecutor         : Database: jdbc:postgresql://localhost:5432/Message (PostgreSQL 17.6)
2025-10-15T20:17:03.297+02:00  INFO 34744 --- [EE_4_exercises] [main] o.f.core.internal.command.DbValidate     : Successfully validated 1 migration (execution time 00:00.052s)
2025-10-15T20:17:03.427+02:00  INFO 34744 --- [EE_4_exercises] [main] o.f.core.internal.command.DbMigrate      : Current version of schema "public": 1
2025-10-15T20:17:03.433+02:00  INFO 34744 --- [EE_4_exercises] [main] o.f.core.internal.command.DbMigrate      : Schema "public" is up to date. No migration necessary.
2025-10-15T20:17:03.728+02:00  INFO 34744 --- [EE_4_exercises] [main] o.s.b.web.embedded.netty.NettyWebServer  : Netty started on port 8080 (http)
2025-10-15T20:17:03.738+02:00  INFO 34744 --- [EE_4_exercises] [main] c.l.E.Ee4ExercisesApplication            : Started Ee4ExercisesApplication in 4.839 seconds (process running for 6.004)
2025-10-15T20:18:18.705+02:00  INFO 34744 --- [EE_4_exercises] [reactor-http-nio-3] c.l.E.m.service.MessageServiceImpl       : Found Message with id: 1
2025-10-15T20:20:36.880+02:00  INFO 34744 --- [EE_4_exercises] [reactor-http-nio-5] c.l.E.m.service.MessageServiceImpl       : Found Message with id: 100
2025-10-15T20:20:49.983+02:00  INFO 34744 --- [EE_4_exercises] [SpringApplicationShutdownHook] o.s.b.w.embedded.netty.GracefulShutdown  : Commencing graceful shutdown. Waiting for active requests to complete
2025-10-15T20:20:49.987+02:00  INFO 34744 --- [EE_4_exercises] [netty-shutdown] o.s.b.w.embedded.netty.GracefulShutdown  : Graceful shutdown complete
2025-10-15T20:23:41.149+02:00  INFO 58888 --- [EE_4_exercises] [main] c.l.E.Ee4ExercisesApplication            : Starting Ee4ExercisesApplication using Java 21.0.8 with PID 58888 (C:\Users\lisau\Documents\JavaProjects\Kurs11\EE_4_exercises\build\classes\java\main started by lisau in C:\Users\lisau\Documents\JavaProjects\Kurs11\EE_4_exercises)
2025-10-15T20:23:41.152+02:00  INFO 58888 --- [EE_4_exercises] [main] c.l.E.Ee4ExercisesApplication            : No active profile set, falling back to 1 default profile: "default"
2025-10-15T20:23:42.167+02:00  INFO 58888 --- [EE_4_exercises] [main] .s.d.r.c.RepositoryConfigurationDelegate : Bootstrapping Spring Data R2DBC repositories in DEFAULT mode.
2025-10-15T20:23:42.396+02:00  INFO 58888 --- [EE_4_exercises] [main] .s.d.r.c.RepositoryConfigurationDelegate : Finished Spring Data repository scanning in 221 ms. Found 1 R2DBC repository interface.
2025-10-15T20:23:44.611+02:00  INFO 58888 --- [EE_4_exercises] [main] org.flywaydb.core.FlywayExecutor         : Database: jdbc:postgresql://localhost:5432/Message (PostgreSQL 17.6)
2025-10-15T20:23:44.733+02:00  INFO 58888 --- [EE_4_exercises] [main] o.f.core.internal.command.DbValidate     : Successfully validated 1 migration (execution time 00:00.056s)
2025-10-15T20:23:44.893+02:00  INFO 58888 --- [EE_4_exercises] [main] o.f.core.internal.command.DbMigrate      : Current version of schema "public": 1
2025-10-15T20:23:44.897+02:00  INFO 58888 --- [EE_4_exercises] [main] o.f.core.internal.command.DbMigrate      : Schema "public" is up to date. No migration necessary.
2025-10-15T20:23:45.195+02:00  INFO 58888 --- [EE_4_exercises] [main] o.s.b.web.embedded.netty.NettyWebServer  : Netty started on port 8080 (http)
2025-10-15T20:23:45.205+02:00  INFO 58888 --- [EE_4_exercises] [main] c.l.E.Ee4ExercisesApplication            : Started Ee4ExercisesApplication in 4.703 seconds (process running for 5.559)
2025-10-15T20:23:54.402+02:00  INFO 58888 --- [EE_4_exercises] [reactor-http-nio-3] c.l.E.m.service.MessageServiceImpl       : Found Message with id: 100
2025-10-15T20:24:16.154+02:00  INFO 58888 --- [EE_4_exercises] [SpringApplicationShutdownHook] o.s.b.w.embedded.netty.GracefulShutdown  : Commencing graceful shutdown. Waiting for active requests to complete
2025-10-15T20:24:16.159+02:00  INFO 58888 --- [EE_4_exercises] [netty-shutdown] o.s.b.w.embedded.netty.GracefulShutdown  : Graceful shutdown complete
2025-10-15T20:24:25.106+02:00  INFO 44428 --- [EE_4_exercises] [main] c.l.E.Ee4ExercisesApplication            : Starting Ee4ExercisesApplication using Java 21.0.8 with PID 44428 (C:\Users\lisau\Documents\JavaProjects\Kurs11\EE_4_exercises\build\classes\java\main started by lisau in C:\Users\lisau\Documents\JavaProjects\Kurs11\EE_4_exercises)
2025-10-15T20:24:25.109+02:00  INFO 44428 --- [EE_4_exercises] [main] c.l.E.Ee4ExercisesApplication            : No active profile set, falling back to 1 default profile: "default"
2025-10-15T20:24:25.928+02:00  INFO 44428 --- [EE_4_exercises] [main] .s.d.r.c.RepositoryConfigurationDelegate : Bootstrapping Spring Data R2DBC repositories in DEFAULT mode.
2025-10-15T20:24:26.105+02:00  INFO 44428 --- [EE_4_exercises] [main] .s.d.r.c.RepositoryConfigurationDelegate : Finished Spring Data repository scanning in 169 ms. Found 1 R2DBC repository interface.
2025-10-15T20:24:28.033+02:00  INFO 44428 --- [EE_4_exercises] [main] org.flywaydb.core.FlywayExecutor         : Database: jdbc:postgresql://localhost:5432/Message (PostgreSQL 17.6)
2025-10-15T20:24:28.111+02:00  INFO 44428 --- [EE_4_exercises] [main] o.f.core.internal.command.DbValidate     : Successfully validated 1 migration (execution time 00:00.047s)
2025-10-15T20:24:28.219+02:00  INFO 44428 --- [EE_4_exercises] [main] o.f.core.internal.command.DbMigrate      : Current version of schema "public": 1
2025-10-15T20:24:28.223+02:00  INFO 44428 --- [EE_4_exercises] [main] o.f.core.internal.command.DbMigrate      : Schema "public" is up to date. No migration necessary.
2025-10-15T20:24:28.485+02:00  INFO 44428 --- [EE_4_exercises] [main] o.s.b.web.embedded.netty.NettyWebServer  : Netty started on port 8080 (http)
2025-10-15T20:24:28.494+02:00  INFO 44428 --- [EE_4_exercises] [main] c.l.E.Ee4ExercisesApplication            : Started Ee4ExercisesApplication in 4.029 seconds (process running for 4.86)
2025-10-15T20:24:34.468+02:00  INFO 44428 --- [EE_4_exercises] [reactor-http-nio-3] c.l.E.m.service.MessageServiceImpl       : Found Message with id: 100
2025-10-15T20:27:26.494+02:00  INFO 44428 --- [EE_4_exercises] [SpringApplicationShutdownHook] o.s.b.w.embedded.netty.GracefulShutdown  : Commencing graceful shutdown. Waiting for active requests to complete
2025-10-15T20:27:26.498+02:00  INFO 44428 --- [EE_4_exercises] [netty-shutdown] o.s.b.w.embedded.netty.GracefulShutdown  : Graceful shutdown complete
2025-10-15T20:27:35.374+02:00  INFO 63124 --- [EE_4_exercises] [main] c.l.E.Ee4ExercisesApplication            : Starting Ee4ExercisesApplication using Java 21.0.8 with PID 63124 (C:\Users\lisau\Documents\JavaProjects\Kurs11\EE_4_exercises\build\classes\java\main started by lisau in C:\Users\lisau\Documents\JavaProjects\Kurs11\EE_4_exercises)
2025-10-15T20:27:35.377+02:00  INFO 63124 --- [EE_4_exercises] [main] c.l.E.Ee4ExercisesApplication            : No active profile set, falling back to 1 default profile: "default"
2025-10-15T20:27:36.211+02:00  INFO 63124 --- [EE_4_exercises] [main] .s.d.r.c.RepositoryConfigurationDelegate : Bootstrapping Spring Data R2DBC repositories in DEFAULT mode.
2025-10-15T20:27:36.401+02:00  INFO 63124 --- [EE_4_exercises] [main] .s.d.r.c.RepositoryConfigurationDelegate : Finished Spring Data repository scanning in 182 ms. Found 1 R2DBC repository interface.
2025-10-15T20:27:38.265+02:00  INFO 63124 --- [EE_4_exercises] [main] org.flywaydb.core.FlywayExecutor         : Database: jdbc:postgresql://localhost:5432/Message (PostgreSQL 17.6)
2025-10-15T20:27:38.336+02:00  INFO 63124 --- [EE_4_exercises] [main] o.f.core.internal.command.DbValidate     : Successfully validated 1 migration (execution time 00:00.038s)
2025-10-15T20:27:38.483+02:00  INFO 63124 --- [EE_4_exercises] [main] o.f.core.internal.command.DbMigrate      : Current version of schema "public": 1
2025-10-15T20:27:38.486+02:00  INFO 63124 --- [EE_4_exercises] [main] o.f.core.internal.command.DbMigrate      : Schema "public" is up to date. No migration necessary.
2025-10-15T20:27:38.744+02:00  INFO 63124 --- [EE_4_exercises] [main] o.s.b.web.embedded.netty.NettyWebServer  : Netty started on port 8080 (http)
2025-10-15T20:27:38.756+02:00  INFO 63124 --- [EE_4_exercises] [main] c.l.E.Ee4ExercisesApplication            : Started Ee4ExercisesApplication in 4.049 seconds (process running for 4.916)
2025-10-15T20:27:45.534+02:00  INFO 63124 --- [EE_4_exercises] [reactor-http-nio-3] c.l.E.m.service.MessageServiceImpl       : Found Message with id: 100
2025-10-15T20:30:31.023+02:00  INFO 63124 --- [EE_4_exercises] [SpringApplicationShutdownHook] o.s.b.w.embedded.netty.GracefulShutdown  : Commencing graceful shutdown. Waiting for active requests to complete
2025-10-15T20:30:31.027+02:00  INFO 63124 --- [EE_4_exercises] [netty-shutdown] o.s.b.w.embedded.netty.GracefulShutdown  : Graceful shutdown complete
2025-10-15T20:30:40.176+02:00  INFO 64108 --- [EE_4_exercises] [main] c.l.E.Ee4ExercisesApplication            : Starting Ee4ExercisesApplication using Java 21.0.8 with PID 64108 (C:\Users\lisau\Documents\JavaProjects\Kurs11\EE_4_exercises\build\classes\java\main started by lisau in C:\Users\lisau\Documents\JavaProjects\Kurs11\EE_4_exercises)
2025-10-15T20:30:40.178+02:00  INFO 64108 --- [EE_4_exercises] [main] c.l.E.Ee4ExercisesApplication            : No active profile set, falling back to 1 default profile: "default"
2025-10-15T20:30:41.455+02:00  INFO 64108 --- [EE_4_exercises] [main] .s.d.r.c.RepositoryConfigurationDelegate : Bootstrapping Spring Data R2DBC repositories in DEFAULT mode.
2025-10-15T20:30:41.658+02:00  INFO 64108 --- [EE_4_exercises] [main] .s.d.r.c.RepositoryConfigurationDelegate : Finished Spring Data repository scanning in 196 ms. Found 1 R2DBC repository interface.
2025-10-15T20:30:44.030+02:00  INFO 64108 --- [EE_4_exercises] [main] org.flywaydb.core.FlywayExecutor         : Database: jdbc:postgresql://localhost:5432/Message (PostgreSQL 17.6)
2025-10-15T20:30:44.130+02:00  INFO 64108 --- [EE_4_exercises] [main] o.f.core.internal.command.DbValidate     : Successfully validated 1 migration (execution time 00:00.040s)
2025-10-15T20:30:44.241+02:00  INFO 64108 --- [EE_4_exercises] [main] o.f.core.internal.command.DbMigrate      : Current version of schema "public": 1
2025-10-15T20:30:44.245+02:00  INFO 64108 --- [EE_4_exercises] [main] o.f.core.internal.command.DbMigrate      : Schema "public" is up to date. No migration necessary.
2025-10-15T20:30:44.583+02:00  INFO 64108 --- [EE_4_exercises] [main] o.s.b.web.embedded.netty.NettyWebServer  : Netty started on port 8080 (http)
2025-10-15T20:30:44.593+02:00  INFO 64108 --- [EE_4_exercises] [main] c.l.E.Ee4ExercisesApplication            : Started Ee4ExercisesApplication in 5.17 seconds (process running for 6.071)
2025-10-15T20:31:05.236+02:00  INFO 64108 --- [EE_4_exercises] [SpringApplicationShutdownHook] o.s.b.w.embedded.netty.GracefulShutdown  : Commencing graceful shutdown. Waiting for active requests to complete
2025-10-15T20:31:05.242+02:00  INFO 64108 --- [EE_4_exercises] [netty-shutdown] o.s.b.w.embedded.netty.GracefulShutdown  : Graceful shutdown complete
2025-10-15T20:33:23.297+02:00  INFO 60368 --- [EE_4_exercises] [main] c.l.E.Ee4ExercisesApplication            : Starting Ee4ExercisesApplication using Java 21.0.8 with PID 60368 (C:\Users\lisau\Documents\JavaProjects\Kurs11\EE_4_exercises\build\classes\java\main started by lisau in C:\Users\lisau\Documents\JavaProjects\Kurs11\EE_4_exercises)
2025-10-15T20:33:23.300+02:00  INFO 60368 --- [EE_4_exercises] [main] c.l.E.Ee4ExercisesApplication            : No active profile set, falling back to 1 default profile: "default"
2025-10-15T20:33:24.130+02:00  INFO 60368 --- [EE_4_exercises] [main] .s.d.r.c.RepositoryConfigurationDelegate : Bootstrapping Spring Data R2DBC repositories in DEFAULT mode.
2025-10-15T20:33:24.292+02:00  INFO 60368 --- [EE_4_exercises] [main] .s.d.r.c.RepositoryConfigurationDelegate : Finished Spring Data repository scanning in 154 ms. Found 1 R2DBC repository interface.
2025-10-15T20:33:26.233+02:00  INFO 60368 --- [EE_4_exercises] [main] org.flywaydb.core.FlywayExecutor         : Database: jdbc:postgresql://localhost:5432/Message (PostgreSQL 17.6)
2025-10-15T20:33:26.313+02:00  INFO 60368 --- [EE_4_exercises] [main] o.f.core.internal.command.DbValidate     : Successfully validated 1 migration (execution time 00:00.046s)
2025-10-15T20:33:26.426+02:00  INFO 60368 --- [EE_4_exercises] [main] o.f.core.internal.command.DbMigrate      : Current version of schema "public": 1
2025-10-15T20:33:26.446+02:00  INFO 60368 --- [EE_4_exercises] [main] o.f.core.internal.command.DbMigrate      : Schema "public" is up to date. No migration necessary.
2025-10-15T20:33:26.677+02:00  INFO 60368 --- [EE_4_exercises] [main] o.s.b.web.embedded.netty.NettyWebServer  : Netty started on port 8080 (http)
2025-10-15T20:33:26.684+02:00  INFO 60368 --- [EE_4_exercises] [main] c.l.E.Ee4ExercisesApplication            : Started Ee4ExercisesApplication in 4.009 seconds (process running for 4.82)
2025-10-15T20:34:39.321+02:00  INFO 60368 --- [EE_4_exercises] [reactor-http-nio-3] c.l.E.m.service.MessageServiceImpl       : Found Message with id: 100
2025-10-15T20:34:40.052+02:00  WARN 60368 --- [EE_4_exercises] [reactor-tcp-nio-1] c.l.E.m.handler.GlobalExceptionHandler   : Message not found Message with Id 100 not found

2025-10-15T20:35:19.979+02:00  INFO 60368 --- [EE_4_exercises] [SpringApplicationShutdownHook] o.s.b.w.embedded.netty.GracefulShutdown  : Commencing graceful shutdown. Waiting for active requests to complete
2025-10-15T20:35:19.979+02:00  INFO 60368 --- [EE_4_exercises] [netty-shutdown] o.s.b.w.embedded.netty.GracefulShutdown  : Graceful shutdown complete
2025-10-15T20:35:30.355+02:00  INFO 61548 --- [EE_4_exercises] [main] c.l.E.Ee4ExercisesApplication            : Starting Ee4ExercisesApplication using Java 21.0.8 with PID 61548 (C:\Users\lisau\Documents\JavaProjects\Kurs11\EE_4_exercises\build\classes\java\main started by lisau in C:\Users\lisau\Documents\JavaProjects\Kurs11\EE_4_exercises)
2025-10-15T20:35:30.357+02:00  INFO 61548 --- [EE_4_exercises] [main] c.l.E.Ee4ExercisesApplication            : No active profile set, falling back to 1 default profile: "default"
2025-10-15T20:35:31.308+02:00  INFO 61548 --- [EE_4_exercises] [main] .s.d.r.c.RepositoryConfigurationDelegate : Bootstrapping Spring Data R2DBC repositories in DEFAULT mode.
2025-10-15T20:35:31.524+02:00  INFO 61548 --- [EE_4_exercises] [main] .s.d.r.c.RepositoryConfigurationDelegate : Finished Spring Data repository scanning in 207 ms. Found 1 R2DBC repository interface.
2025-10-15T20:35:33.554+02:00  INFO 61548 --- [EE_4_exercises] [main] org.flywaydb.core.FlywayExecutor         : Database: jdbc:postgresql://localhost:5432/Message (PostgreSQL 17.6)
2025-10-15T20:35:33.637+02:00  INFO 61548 --- [EE_4_exercises] [main] o.f.core.internal.command.DbValidate     : Successfully validated 1 migration (execution time 00:00.038s)
2025-10-15T20:35:33.752+02:00  INFO 61548 --- [EE_4_exercises] [main] o.f.core.internal.command.DbMigrate      : Current version of schema "public": 1
2025-10-15T20:35:33.759+02:00  INFO 61548 --- [EE_4_exercises] [main] o.f.core.internal.command.DbMigrate      : Schema "public" is up to date. No migration necessary.
2025-10-15T20:35:34.014+02:00  INFO 61548 --- [EE_4_exercises] [main] o.s.b.web.embedded.netty.NettyWebServer  : Netty started on port 8080 (http)
2025-10-15T20:35:34.022+02:00  INFO 61548 --- [EE_4_exercises] [main] c.l.E.Ee4ExercisesApplication            : Started Ee4ExercisesApplication in 4.349 seconds (process running for 5.182)
2025-10-15T20:35:43.144+02:00  INFO 61548 --- [EE_4_exercises] [reactor-tcp-nio-1] c.l.E.m.service.MessageServiceImpl       : Message found: Message[id=1, message=Hello World!, createdAt=2025-10-15T18:10:35.673631]
2025-10-15T20:36:10.280+02:00  WARN 61548 --- [EE_4_exercises] [reactor-tcp-nio-10] c.l.E.m.handler.GlobalExceptionHandler   : Message with Id 100 not found

2025-10-15T20:36:59.727+02:00  INFO 61548 --- [EE_4_exercises] [SpringApplicationShutdownHook] o.s.b.w.embedded.netty.GracefulShutdown  : Commencing graceful shutdown. Waiting for active requests to complete
2025-10-15T20:36:59.734+02:00  INFO 61548 --- [EE_4_exercises] [netty-shutdown] o.s.b.w.embedded.netty.GracefulShutdown  : Graceful shutdown complete
